[main 130d501] Auto-backup 2026-04-08 02:00
 1 file changed, 0 insertions(+), 0 deletions(-)
 create mode 100644 backup.log
To https://github.com/Aneto152/midnightrider-navigation.git
   1f557d0..130d501  main -> main
Everything up-to-date
Everything up-to-date
Everything up-to-date
[main 2385efe] Auto-backup 2026-04-12 02:00
 1 file changed, 1 insertion(+)
To https://github.com/Aneto152/midnightrider-navigation.git
   9ad8982..2385efe  main -> main
Everything up-to-date
[main 48722ff] Auto-backup 2026-04-14 02:00
 2 files changed, 11 insertions(+)
To https://github.com/Aneto152/midnightrider-navigation.git
   47d99d4..48722ff  main -> main
[main bdbcf60] Auto-backup 2026-04-15 02:00
 1 file changed, 4 insertions(+)
To https://github.com/Aneto152/midnightrider-navigation.git
   48722ff..bdbcf60  main -> main
[main ca8c456] Auto-backup 2026-04-16 02:00
 1 file changed, 4 insertions(+)
To https://github.com/Aneto152/midnightrider-navigation.git
   bdbcf60..ca8c456  main -> main
[main a94ca3d] Auto-backup 2026-04-17 02:00
 1 file changed, 4 insertions(+)
To https://github.com/Aneto152/midnightrider-navigation.git
   ca8c456..a94ca3d  main -> main
Everything up-to-date
[main 821a8bf] Auto-backup 2026-04-19 02:00
 1 file changed, 9 insertions(+)
fatal: unable to access 'https://github.com/Aneto152/midnightrider-navigation.git/': Could not resolve host: github.com
[main 92f9d38] Auto-backup 2026-04-20 02:00
 5 files changed, 468 insertions(+), 346 deletions(-)
 delete mode 100644 INFLUXDB-LOCAL.md
 create mode 100644 plugins/signalk-astronomical-direct-package.json
 create mode 100644 plugins/signalk-astronomical-direct.js
 create mode 100644 plugins/signalk-astronomical-simple.js
To https://github.com/Aneto152/midnightrider-navigation.git
   0a66119..92f9d38  main -> main
[main b75f85b] Auto-backup 2026-04-21 02:00
 12 files changed, 5498 insertions(+)
 create mode 100644 PLUGIN-POLARS-INSTALLATION.md
 create mode 100644 docs/J30-SAILS-SPECIFICS.md
 create mode 100644 docs/LAYLINES-INTEGRATION.md
 create mode 100644 docs/POLAR-PERFORMANCE-INTEGRATION.md
 create mode 100644 docs/SAILS-DECISION-MATRIX-DETAILED.md
 create mode 100644 docs/SAILS-MANAGEMENT-SYSTEM.md
 create mode 100644 docs/VICTRON-ORION-12-18-CONFIG.md
 create mode 100644 docs/VICTRON-ORION-BLUETOOTH.md
 create mode 100644 docs/VICTRON-ORION-INTEGRATION.md
 create mode 100644 grafana-alerts/FILTERED-ALERTS-SETUP.md
 create mode 100644 grafana-dashboards/04-alerts-filtered.json
To https://github.com/Aneto152/midnightrider-navigation.git
   7888298..b75f85b  main -> main
[main f4b8ed8] Auto-backup 2026-04-22 02:00
 5 files changed, 240 insertions(+)
 create mode 100644 Dockerfile.wit
 create mode 100644 config/signalk-settings-wit.json
 create mode 100644 plugins/signalk-wit-nmea-package.json
 create mode 100644 plugins/signalk-wit-nmea.js
To https://github.com/Aneto152/midnightrider-navigation.git
   748fd39..f4b8ed8  main -> main
